<?xml version="1.0" encoding="UTF-8"?>
<testsuite name="StudentRepositoryTest" tests="9" skipped="0" failures="0" errors="0" timestamp="2022-04-28T13:42:09" hostname="DESKTOP-J2Q38G6" time="0.188">
  <properties/>
  <testcase name="testCariTanggalLahirFailed()" classname="StudentRepositoryTest" time="0.1"/>
  <testcase name="testCariNIMSuccess()" classname="StudentRepositoryTest" time="0.054"/>
  <testcase name="testCetakInfoStudentSuccess()" classname="StudentRepositoryTest" time="0.006"/>
  <testcase name="testCaridNoHPSuccess()" classname="StudentRepositoryTest" time="0.003"/>
  <testcase name="testCariNoHPFailed()" classname="StudentRepositoryTest" time="0.003"/>
  <testcase name="testCariTanggalLahirSuccess()" classname="StudentRepositoryTest" time="0.003"/>
  <testcase name="testCariNamaSuccess()" classname="StudentRepositoryTest" time="0.003"/>
  <testcase name="testCariNIMFailed()" classname="StudentRepositoryTest" time="0.001"/>
  <testcase name="testCariNamaFailed()" classname="StudentRepositoryTest" time="0.002"/>
  <system-out><![CDATA[]]></system-out>
  <system-err><![CDATA[]]></system-err>
</testsuite>
